<?xml version="1.0" encoding="UTF-8" ?>
<testsuites>
  <testsuite errors="0" failures="0" hostname="Cristi-PC" id="0" name="ProjectControllerSpec" package="test" tests="3" time="14.108" timestamp="2015-02-22T22:14:32">
      <properties />

      <testcase classname="test.ProjectControllerSpec" name="test index" time="13.715" />

      <testcase classname="test.ProjectControllerSpec" name="test update" time="0.136" />

      <testcase classname="test.ProjectControllerSpec" name="test save" time="0.146" />

      <system-out><![CDATA[--Output from test index--
--Output from test update--
--Output from test save--
]]></system-out>

      <system-err><![CDATA[--Output from test index--
--Output from test update--
--Output from test save--
]]></system-err>

  </testsuite>
  <testsuite errors="0" failures="0" hostname="Cristi-PC" id="1" name="ProjectSpec" package="test" tests="4" time="3.505" timestamp="2015-02-22T22:14:46">
      <properties />

      <testcase classname="test.ProjectSpec" name="validate name and code alphanumeric fields" time="0.821" />

      <testcase classname="test.ProjectSpec" name="validate nullable fields" time="0.285" />

      <testcase classname="test.ProjectSpec" name="validate priority range - add new project" time="2.06" />

      <testcase classname="test.ProjectSpec" name="validate priority range - update project" time="0.324" />

      <system-out><![CDATA[--Output from validate name and code alphanumeric fields--
--Output from validate nullable fields--
--Output from validate priority range - add new project--
--Output from validate priority range - update project--
]]></system-out>

      <system-err><![CDATA[--Output from validate name and code alphanumeric fields--
--Output from validate nullable fields--
--Output from validate priority range - add new project--
--Output from validate priority range - update project--
]]></system-err>

  </testsuite>
</testsuites>
